C:\Program Files\Microsoft Visual Studio\2022\Community\MSBuild\Microsoft\VC\v170\Microsoft.CppBuild.targets(517,5): warning MSB8004: Output Directory does not end with a trailing slash.  This build instance will add the slash as it is required to allow proper evaluation of the Output Directory.
  stdafx.cpp
  dllmain.cpp
F:\Spore ModAPI SDK\Projects\RattlerSpore\dllmain.cpp(18,97): error C2589: '(': illegal token on right side of '::'
F:\Spore ModAPI SDK\Projects\RattlerSpore\dllmain.cpp(18,1): error C2062: type 'unknown-type' unexpected
F:\Spore ModAPI SDK\Projects\RattlerSpore\dllmain.cpp(18,111): error C2059: syntax error: ','
F:\Spore ModAPI SDK\Projects\RattlerSpore\dllmain.cpp(18,1): error C2059: syntax error: ')'
F:\Spore ModAPI SDK\Projects\RattlerSpore\dllmain.cpp(22,17): error C2065: 'tool': undeclared identifier
F:\Spore ModAPI SDK\Projects\RattlerSpore\dllmain.cpp(26,32): error C2065: 'tool': undeclared identifier
F:\Spore ModAPI SDK\Projects\RattlerSpore\dllmain.cpp(28,5): error C2059: syntax error: '}'
F:\Spore ModAPI SDK\Projects\RattlerSpore\dllmain.cpp(28,1): error C2143: syntax error: missing ';' before '}'
F:\Spore ModAPI SDK\Projects\RattlerSpore\dllmain.cpp(30): error C2143: syntax error: missing ';' before '{'
F:\Spore ModAPI SDK\Projects\RattlerSpore\dllmain.cpp(30): error C2447: '{': missing function header (old-style formal list?)
